<?xml version="1.0" encoding="UTF-8"?>
<!-- Generated by org.testng.reporters.JUnitReportReporter -->
<testsuite hostname="LAPTOP-820TK6BR" failures="0" tests="1" name="TestCases.VerifyCartTotalTestCases" time="3.111" errors="0" timestamp="2022-10-13T11:55:28 IST" skipped="0">
  <testcase classname="TestCases.VerifyCartTotalTestCases" name="cart" time="3.111"/>
  <system-out/>
</testsuite> <!-- TestCases.VerifyCartTotalTestCases -->
