<?xml version="1.0" encoding="UTF-8"?>
<!-- Generated by org.testng.reporters.JUnitReportReporter -->
<testsuite hostname="LAPTOP-820TK6BR" failures="0" tests="1" name="TestCases.VerifyIphoneAddTestCases" time="6.526" errors="0" timestamp="2022-10-11T18:46:31 IST" skipped="0">
  <testcase classname="TestCases.VerifyIphoneAddTestCases" name="Iphone" time="6.526"/>
  <system-out/>
</testsuite> <!-- TestCases.VerifyIphoneAddTestCases -->
