<?xml version="1.0" encoding="UTF-8"?>
<!-- Generated by org.testng.reporters.JUnitReportReporter -->
<testsuite hostname="LAPTOP-820TK6BR" failures="0" tests="1" name="TestCases.VerifyProductsAddTestCases" time="24.562" errors="0" timestamp="2022-10-13T12:41:45 IST" skipped="0">
  <testcase classname="TestCases.VerifyProductsAddTestCases" name="Iphone" time="24.562"/>
  <system-out/>
</testsuite> <!-- TestCases.VerifyProductsAddTestCases -->
